<?xml version="1.0" encoding="UTF-8"?>
<testng-results skipped="0" failed="0" ignored="0" total="2" passed="2">
  <reporter-output>
  </reporter-output>
  <suite name="TstngNewTest" duration-ms="36" started-at="2019-11-24T05:24:07Z" finished-at="2019-11-24T05:24:07Z">
    <groups>
    </groups>
    <test name="Command line test" duration-ms="36" started-at="2019-11-24T05:24:07Z" finished-at="2019-11-24T05:24:07Z">
      <class name="TstngNewTest">
        <test-method status="PASS" signature="test1()[pri:0, instance:TstngNewTest@7dc36524]" name="test1" duration-ms="16" started-at="2019-11-24T05:24:07Z" finished-at="2019-11-24T05:24:07Z">
          <reporter-output>
          </reporter-output>
        </test-method> <!-- test1 -->
        <test-method status="PASS" signature="test2()[pri:0, instance:TstngNewTest@7dc36524]" name="test2" duration-ms="0" started-at="2019-11-24T05:24:07Z" finished-at="2019-11-24T05:24:07Z">
          <reporter-output>
          </reporter-output>
        </test-method> <!-- test2 -->
      </class> <!-- TstngNewTest -->
    </test> <!-- Command line test -->
  </suite> <!-- TstngNewTest -->
</testng-results>
