<?xml version="1.0" encoding="UTF-8"?>
<testng-results skipped="0" failed="0" ignored="0" total="1" passed="1">
  <reporter-output>
  </reporter-output>
  <suite name="Default suite" duration-ms="35" started-at="2019-11-24T10:45:16 IST" finished-at="2019-11-24T10:45:16 IST">
    <groups>
    </groups>
    <test name="Default test" duration-ms="35" started-at="2019-11-24T10:45:16 IST" finished-at="2019-11-24T10:45:16 IST">
      <class name="TstngNewTest">
        <test-method status="PASS" signature="test()[pri:0, instance:TstngNewTest@2ac273d3]" name="test" duration-ms="8" started-at="2019-11-24T10:45:16 IST" finished-at="2019-11-24T10:45:16 IST">
          <reporter-output>
          </reporter-output>
        </test-method> <!-- test -->
      </class> <!-- TstngNewTest -->
    </test> <!-- Default test -->
  </suite> <!-- Default suite -->
</testng-results>
