<?xml version="1.0" encoding="UTF-8"?>
<testng-results skipped="0" failed="0" ignored="0" total="2" passed="2">
  <reporter-output>
  </reporter-output>
  <suite name="Suite" duration-ms="79" started-at="2019-11-30T11:31:17 IST" finished-at="2019-11-30T11:31:17 IST">
    <groups>
    </groups>
    <test name="Test" duration-ms="79" started-at="2019-11-30T11:31:17 IST" finished-at="2019-11-30T11:31:17 IST">
      <class name="com.testngPackage.TstngNewTest">
        <test-method status="PASS" signature="test1()[pri:0, instance:com.testngPackage.TstngNewTest@5ba26eb0]" name="test1" duration-ms="16" started-at="2019-11-30T11:31:17 IST" finished-at="2019-11-30T11:31:17 IST">
          <reporter-output>
          </reporter-output>
        </test-method> <!-- test1 -->
        <test-method status="PASS" signature="test2()[pri:0, instance:com.testngPackage.TstngNewTest@5ba26eb0]" name="test2" duration-ms="1" started-at="2019-11-30T11:31:17 IST" finished-at="2019-11-30T11:31:17 IST">
          <reporter-output>
          </reporter-output>
        </test-method> <!-- test2 -->
      </class> <!-- com.testngPackage.TstngNewTest -->
    </test> <!-- Test -->
  </suite> <!-- Suite -->
</testng-results>
